TN:
SF:/mnt/c/Users/Brent Woodward/Dev/CF/401/labs/03-async/lib/reader-fixed.js
FN:9,(anonymous_0)
FN:19,(anonymous_1)
FN:20,(anonymous_2)
FN:32,(anonymous_3)
FN:35,(anonymous_4)
FN:43,(anonymous_5)
FN:51,(anonymous_6)
FNF:7
FNH:7
FNDA:2,(anonymous_0)
FNDA:4,(anonymous_1)
FNDA:4,(anonymous_2)
FNDA:2,(anonymous_3)
FNDA:2,(anonymous_4)
FNDA:1,(anonymous_5)
FNDA:1,(anonymous_6)
DA:3,1
DA:4,1
DA:9,1
DA:10,2
DA:11,2
DA:19,1
DA:20,4
DA:21,4
DA:22,3
DA:32,1
DA:34,2
DA:35,2
DA:36,2
DA:37,1
DA:40,1
DA:41,1
DA:43,1
DA:44,1
DA:45,0
DA:48,1
DA:49,1
DA:51,1
DA:52,1
DA:53,0
DA:56,1
DA:57,1
DA:65,2
LF:27
LH:25
BRDA:21,0,0,1
BRDA:21,0,1,3
BRDA:36,1,0,1
BRDA:36,1,1,1
BRDA:44,2,0,0
BRDA:44,2,1,1
BRDA:52,3,0,0
BRDA:52,3,1,1
BRF:8
BRH:6
end_of_record
